2022-05-25T14:25:29.577749Z  INFO telemetry: job_telemetry_init artifact_type=installed branch=origin/496f7bc872b0005b4b2e7903ac6fc5f8f2a2811d ci_number=20220518.3 ci_name=CommonRuntime-prod-build build_time=2022-05-19 00:34:26.154556
2022-05-25T14:25:29.577896Z  INFO load_config_from_env: lifecycler::config: Resolved grpc addresses lifecycler_address=/mnt/azureml/cr/j/133a4e7a74eb40eea48a234f590c920e/.grpc/lifecycler:0 executor_address=/mnt/azureml/cr/j/133a4e7a74eb40eea48a234f590c920e/.grpc/executor:0
2022-05-25T14:25:29.578017Z  INFO load_config_from_env:load_capability_addresses_from_env: lifecycler::config: loaded capability address for DATA_CAPABILITY cap_name=DATA_CAPABILITY address=/mnt/azureml/cr/j/133a4e7a74eb40eea48a234f590c920e/.grpc/data-capability:0
2022-05-25T14:25:29.578038Z  INFO load_config_from_env:load_capability_addresses_from_env: lifecycler::config: loaded capability address for CS_CAPABILITY cap_name=CS_CAPABILITY address=/mnt/azureml/cr/j/133a4e7a74eb40eea48a234f590c920e/.grpc/cs-capability:0
2022-05-25T14:25:29.578049Z  INFO load_config_from_env:load_capability_addresses_from_env: lifecycler::config: loaded capability address for HOSTTOOLS_CAPABILITY cap_name=HOSTTOOLS_CAPABILITY address=/mnt/azureml/cr/j/133a4e7a74eb40eea48a234f590c920e/.grpc/hosttools-capability:0
2022-05-25T14:25:29.578068Z  INFO load_config_from_env:load_capability_addresses_from_env: lifecycler::config: close time.busy=151µs time.idle=4.70µs
2022-05-25T14:25:29.578119Z  INFO load_config_from_env: lifecycler::config: close time.busy=303µs time.idle=10.7µs
2022-05-25T14:25:29.578157Z  INFO run_lifecycler:run_service_and_step_through_lifecycle: lifecycler::lifecycle: distributed config is not specified, skip setting up distributed barrier
2022-05-25T14:25:29.578203Z  INFO Lifecycler::run_service{distributed_state_sender=None}: lifecycler::service: serving lifecycle service address=/mnt/azureml/cr/j/133a4e7a74eb40eea48a234f590c920e/.grpc/lifecycler:0
2022-05-25T14:25:29.578310Z  INFO Lifecycler::run_service{distributed_state_sender=None}:serve_more: grpc_utils::endpoint::serve: serving gRPC service endpoint=Uds("/mnt/azureml/cr/j/133a4e7a74eb40eea48a234f590c920e/.grpc/lifecycler:0") retry=ExponentialBackoffRetry { retry_delay_secs: 2, delay_factor: 1000, num_retries: 3 }
2022-05-25T14:25:29.578560Z  INFO run_lifecycler:run_service_and_step_through_lifecycle:step_through_lifecycle:connect_capabilities:connect: grpc_utils::endpoint::connect: Connecting to gRPC service endpoint=Uds("/mnt/azureml/cr/j/133a4e7a74eb40eea48a234f590c920e/.grpc/data-capability:0") retry=FixedIntervalRetry { attempt_timeout_millis: 50, retry_delay_millis: 10, max_duration: 86400s }
2022-05-25T14:26:13.352441Z  INFO run_lifecycler:run_service_and_step_through_lifecycle:step_through_lifecycle:connect_capabilities:connect: grpc_utils::endpoint::connect: Successfully connected to gRPC service endpoint=Uds("/mnt/azureml/cr/j/133a4e7a74eb40eea48a234f590c920e/.grpc/data-capability:0")
2022-05-25T14:26:13.352907Z  INFO run_lifecycler:run_service_and_step_through_lifecycle:step_through_lifecycle:connect_capabilities:connect: grpc_utils::endpoint::connect: close time.busy=291ms time.idle=43.5s
2022-05-25T14:26:13.353411Z  INFO run_lifecycler:run_service_and_step_through_lifecycle:step_through_lifecycle:connect_capabilities:connect: grpc_utils::endpoint::connect: Connecting to gRPC service endpoint=Uds("/mnt/azureml/cr/j/133a4e7a74eb40eea48a234f590c920e/.grpc/data-capability:0") retry=FixedIntervalRetry { attempt_timeout_millis: 50, retry_delay_millis: 10, max_duration: 86400s }
2022-05-25T14:26:13.354197Z  INFO run_lifecycler:run_service_and_step_through_lifecycle:step_through_lifecycle:connect_capabilities:connect: grpc_utils::endpoint::connect: Successfully connected to gRPC service endpoint=Uds("/mnt/azureml/cr/j/133a4e7a74eb40eea48a234f590c920e/.grpc/data-capability:0")
2022-05-25T14:26:13.361575Z  INFO run_lifecycler:run_service_and_step_through_lifecycle:step_through_lifecycle:connect_capabilities:connect: grpc_utils::endpoint::connect: close time.busy=8.16ms time.idle=15.1µs
2022-05-25T14:26:13.361715Z  INFO run_lifecycler:run_service_and_step_through_lifecycle:step_through_lifecycle:connect_capabilities:connect: grpc_utils::endpoint::connect: Connecting to gRPC service endpoint=Uds("/mnt/azureml/cr/j/133a4e7a74eb40eea48a234f590c920e/.grpc/data-capability:0") retry=FixedIntervalRetry { attempt_timeout_millis: 50, retry_delay_millis: 10, max_duration: 86400s }
2022-05-25T14:26:13.361950Z  INFO run_lifecycler:run_service_and_step_through_lifecycle:step_through_lifecycle:connect_capabilities:connect: grpc_utils::endpoint::connect: Successfully connected to gRPC service endpoint=Uds("/mnt/azureml/cr/j/133a4e7a74eb40eea48a234f590c920e/.grpc/data-capability:0")
2022-05-25T14:26:13.361983Z  INFO run_lifecycler:run_service_and_step_through_lifecycle:step_through_lifecycle:connect_capabilities:connect: grpc_utils::endpoint::connect: close time.busy=249µs time.idle=24.2µs
2022-05-25T14:26:13.362002Z  INFO run_lifecycler:run_service_and_step_through_lifecycle:step_through_lifecycle:connect_capabilities:ensure_service_healthy: lifecycler::health_monitor: Ensuring health service_name=DATA_CAPABILITY
2022-05-25T14:26:13.362024Z  WARN run_lifecycler:run_service_and_step_through_lifecycle:step_through_lifecycle:connect_capabilities:ensure_service_healthy: grpc_utils::span: failed to inject span context to grpc request
2022-05-25T14:26:13.366223Z  INFO run_lifecycler:run_service_and_step_through_lifecycle:step_through_lifecycle:connect_capabilities:ensure_service_healthy: lifecycler::health_client: Health status for service: DATA_CAPABILITY service_name=DATA_CAPABILITY health_status=1
2022-05-25T14:26:13.366378Z  INFO run_lifecycler:run_service_and_step_through_lifecycle:step_through_lifecycle:connect_capabilities:ensure_service_healthy: lifecycler::health_monitor: Service is healthy service_name=DATA_CAPABILITY
2022-05-25T14:26:13.366395Z  INFO run_lifecycler:run_service_and_step_through_lifecycle:step_through_lifecycle:connect_capabilities:ensure_service_healthy: lifecycler::health_monitor: close time.busy=1.42ms time.idle=2.97ms
2022-05-25T14:26:13.366504Z  INFO run_lifecycler:run_service_and_step_through_lifecycle:step_through_lifecycle:connect_capabilities:connect: grpc_utils::endpoint::connect: Connecting to gRPC service endpoint=Uds("/mnt/azureml/cr/j/133a4e7a74eb40eea48a234f590c920e/.grpc/cs-capability:0") retry=FixedIntervalRetry { attempt_timeout_millis: 50, retry_delay_millis: 10, max_duration: 86400s }
2022-05-25T14:26:13.366938Z  INFO run_lifecycler:run_service_and_step_through_lifecycle:step_through_lifecycle:connect_capabilities:connect: grpc_utils::endpoint::connect: Successfully connected to gRPC service endpoint=Uds("/mnt/azureml/cr/j/133a4e7a74eb40eea48a234f590c920e/.grpc/cs-capability:0")
2022-05-25T14:26:13.367214Z  INFO run_lifecycler:run_service_and_step_through_lifecycle:step_through_lifecycle:connect_capabilities:connect: grpc_utils::endpoint::connect: close time.busy=703µs time.idle=10.0µs
2022-05-25T14:26:13.367295Z  INFO run_lifecycler:run_service_and_step_through_lifecycle:step_through_lifecycle:connect_capabilities:connect: grpc_utils::endpoint::connect: Connecting to gRPC service endpoint=Uds("/mnt/azureml/cr/j/133a4e7a74eb40eea48a234f590c920e/.grpc/cs-capability:0") retry=FixedIntervalRetry { attempt_timeout_millis: 50, retry_delay_millis: 10, max_duration: 86400s }
2022-05-25T14:26:13.367623Z  INFO run_lifecycler:run_service_and_step_through_lifecycle:step_through_lifecycle:connect_capabilities:connect: grpc_utils::endpoint::connect: Successfully connected to gRPC service endpoint=Uds("/mnt/azureml/cr/j/133a4e7a74eb40eea48a234f590c920e/.grpc/cs-capability:0")
2022-05-25T14:26:13.367852Z  INFO run_lifecycler:run_service_and_step_through_lifecycle:step_through_lifecycle:connect_capabilities:connect: grpc_utils::endpoint::connect: close time.busy=550µs time.idle=9.00µs
2022-05-25T14:26:13.367985Z  INFO run_lifecycler:run_service_and_step_through_lifecycle:step_through_lifecycle:connect_capabilities:connect: grpc_utils::endpoint::connect: Connecting to gRPC service endpoint=Uds("/mnt/azureml/cr/j/133a4e7a74eb40eea48a234f590c920e/.grpc/cs-capability:0") retry=FixedIntervalRetry { attempt_timeout_millis: 50, retry_delay_millis: 10, max_duration: 86400s }
2022-05-25T14:26:13.368378Z  INFO run_lifecycler:run_service_and_step_through_lifecycle:step_through_lifecycle:connect_capabilities:connect: grpc_utils::endpoint::connect: Successfully connected to gRPC service endpoint=Uds("/mnt/azureml/cr/j/133a4e7a74eb40eea48a234f590c920e/.grpc/cs-capability:0")
2022-05-25T14:26:13.368500Z  INFO run_lifecycler:run_service_and_step_through_lifecycle:step_through_lifecycle:connect_capabilities:connect: grpc_utils::endpoint::connect: close time.busy=509µs time.idle=9.50µs
2022-05-25T14:26:13.368519Z  INFO run_lifecycler:run_service_and_step_through_lifecycle:step_through_lifecycle:connect_capabilities:ensure_service_healthy: lifecycler::health_monitor: Ensuring health service_name=CS_CAPABILITY
2022-05-25T14:26:13.368535Z  WARN run_lifecycler:run_service_and_step_through_lifecycle:step_through_lifecycle:connect_capabilities:ensure_service_healthy: grpc_utils::span: failed to inject span context to grpc request
2022-05-25T14:26:13.370451Z  INFO run_lifecycler:run_service_and_step_through_lifecycle:step_through_lifecycle:connect_capabilities:ensure_service_healthy: lifecycler::health_client: Health status for service: CS_CAPABILITY service_name=CS_CAPABILITY health_status=1
2022-05-25T14:26:13.371738Z  INFO run_lifecycler:run_service_and_step_through_lifecycle:step_through_lifecycle:connect_capabilities:ensure_service_healthy: lifecycler::health_monitor: Service is healthy service_name=CS_CAPABILITY
2022-05-25T14:26:13.371757Z  INFO run_lifecycler:run_service_and_step_through_lifecycle:step_through_lifecycle:connect_capabilities:ensure_service_healthy: lifecycler::health_monitor: close time.busy=1.37ms time.idle=1.87ms
2022-05-25T14:26:13.371850Z  INFO run_lifecycler:run_service_and_step_through_lifecycle:step_through_lifecycle:connect_capabilities:connect: grpc_utils::endpoint::connect: Connecting to gRPC service endpoint=Uds("/mnt/azureml/cr/j/133a4e7a74eb40eea48a234f590c920e/.grpc/hosttools-capability:0") retry=FixedIntervalRetry { attempt_timeout_millis: 50, retry_delay_millis: 10, max_duration: 86400s }
2022-05-25T14:26:13.372603Z  INFO run_lifecycler:run_service_and_step_through_lifecycle:step_through_lifecycle:connect_capabilities:connect: grpc_utils::endpoint::connect: Successfully connected to gRPC service endpoint=Uds("/mnt/azureml/cr/j/133a4e7a74eb40eea48a234f590c920e/.grpc/hosttools-capability:0")
2022-05-25T14:26:13.373904Z  INFO run_lifecycler:run_service_and_step_through_lifecycle:step_through_lifecycle:connect_capabilities:connect: grpc_utils::endpoint::connect: close time.busy=2.05ms time.idle=9.40µs
2022-05-25T14:26:13.374013Z  INFO run_lifecycler:run_service_and_step_through_lifecycle:step_through_lifecycle:connect_capabilities:connect: grpc_utils::endpoint::connect: Connecting to gRPC service endpoint=Uds("/mnt/azureml/cr/j/133a4e7a74eb40eea48a234f590c920e/.grpc/hosttools-capability:0") retry=FixedIntervalRetry { attempt_timeout_millis: 50, retry_delay_millis: 10, max_duration: 86400s }
2022-05-25T14:26:13.374556Z  INFO run_lifecycler:run_service_and_step_through_lifecycle:step_through_lifecycle:connect_capabilities:connect: grpc_utils::endpoint::connect: Successfully connected to gRPC service endpoint=Uds("/mnt/azureml/cr/j/133a4e7a74eb40eea48a234f590c920e/.grpc/hosttools-capability:0")
2022-05-25T14:26:13.375982Z  INFO run_lifecycler:run_service_and_step_through_lifecycle:step_through_lifecycle:connect_capabilities:connect: grpc_utils::endpoint::connect: close time.busy=1.96ms time.idle=9.70µs
2022-05-25T14:26:13.376082Z  INFO run_lifecycler:run_service_and_step_through_lifecycle:step_through_lifecycle:connect_capabilities:connect: grpc_utils::endpoint::connect: Connecting to gRPC service endpoint=Uds("/mnt/azureml/cr/j/133a4e7a74eb40eea48a234f590c920e/.grpc/hosttools-capability:0") retry=FixedIntervalRetry { attempt_timeout_millis: 50, retry_delay_millis: 10, max_duration: 86400s }
2022-05-25T14:26:13.376961Z  INFO run_lifecycler:run_service_and_step_through_lifecycle:step_through_lifecycle:connect_capabilities:connect: grpc_utils::endpoint::connect: Successfully connected to gRPC service endpoint=Uds("/mnt/azureml/cr/j/133a4e7a74eb40eea48a234f590c920e/.grpc/hosttools-capability:0")
2022-05-25T14:26:13.377701Z  INFO run_lifecycler:run_service_and_step_through_lifecycle:step_through_lifecycle:connect_capabilities:connect: grpc_utils::endpoint::connect: close time.busy=987µs time.idle=636µs
2022-05-25T14:26:13.377729Z  INFO run_lifecycler:run_service_and_step_through_lifecycle:step_through_lifecycle:connect_capabilities:ensure_service_healthy: lifecycler::health_monitor: Ensuring health service_name=HOSTTOOLS_CAPABILITY
2022-05-25T14:26:13.377745Z  WARN run_lifecycler:run_service_and_step_through_lifecycle:step_through_lifecycle:connect_capabilities:ensure_service_healthy: grpc_utils::span: failed to inject span context to grpc request
2022-05-25T14:26:13.378206Z  INFO run_lifecycler:run_service_and_step_through_lifecycle:step_through_lifecycle:connect_capabilities:ensure_service_healthy: lifecycler::health_client: Health status for service: HOSTTOOLS_CAPABILITY service_name=HOSTTOOLS_CAPABILITY health_status=1
2022-05-25T14:26:13.378635Z  INFO run_lifecycler:run_service_and_step_through_lifecycle:step_through_lifecycle:connect_capabilities:ensure_service_healthy: lifecycler::health_monitor: Service is healthy service_name=HOSTTOOLS_CAPABILITY
2022-05-25T14:26:13.378649Z  INFO run_lifecycler:run_service_and_step_through_lifecycle:step_through_lifecycle:connect_capabilities:ensure_service_healthy: lifecycler::health_monitor: close time.busy=520µs time.idle=403µs
2022-05-25T14:26:13.378671Z  INFO run_lifecycler:run_service_and_step_through_lifecycle:step_through_lifecycle:connect_capabilities: lifecycler::lifecycle: close time.busy=331ms time.idle=43.5s
2022-05-25T14:26:13.378696Z  WARN grpc_utils::span: failed to inject span context to grpc request
2022-05-25T14:26:13.378699Z  WARN run_lifecycler:run_service_and_step_through_lifecycle:step_through_lifecycle:start_capabilities:start{name="DATA_CAPABILITY"}: grpc_utils::span: failed to inject span context to grpc request
2022-05-25T14:26:13.378726Z  WARN run_lifecycler:run_service_and_step_through_lifecycle:step_through_lifecycle:start_capabilities:start{name="CS_CAPABILITY"}: grpc_utils::span: failed to inject span context to grpc request
2022-05-25T14:26:13.378727Z  WARN grpc_utils::span: failed to inject span context to grpc request
2022-05-25T14:26:13.378747Z  WARN run_lifecycler:run_service_and_step_through_lifecycle:step_through_lifecycle:start_capabilities:start{name="HOSTTOOLS_CAPABILITY"}: grpc_utils::span: failed to inject span context to grpc request
2022-05-25T14:26:13.378750Z  WARN grpc_utils::span: failed to inject span context to grpc request
2022-05-25T14:26:13.390318Z  INFO run_lifecycler:run_service_and_step_through_lifecycle:step_through_lifecycle:start_capabilities:start{name="HOSTTOOLS_CAPABILITY"}: lifecycler::capability_client: Received success code for start cap_name=HOSTTOOLS_CAPABILITY
2022-05-25T14:26:13.390744Z  INFO run_lifecycler:run_service_and_step_through_lifecycle:step_through_lifecycle:start_capabilities:start{name="HOSTTOOLS_CAPABILITY"}: lifecycler::capability_client: close time.busy=489µs time.idle=11.5ms
2022-05-25T14:26:13.922382Z  INFO run_lifecycler:run_service_and_step_through_lifecycle:step_through_lifecycle:start_capabilities:start{name="CS_CAPABILITY"}: lifecycler::capability_client: Received success code for start cap_name=CS_CAPABILITY
2022-05-25T14:26:13.922586Z  INFO run_lifecycler:run_service_and_step_through_lifecycle:step_through_lifecycle:start_capabilities:start{name="CS_CAPABILITY"}: lifecycler::capability_client: close time.busy=277µs time.idle=544ms
2022-05-25T14:26:14.998222Z  INFO run_lifecycler:run_service_and_step_through_lifecycle:step_through_lifecycle:start_capabilities:start{name="DATA_CAPABILITY"}: lifecycler::capability_client: Received success code for start cap_name=DATA_CAPABILITY
2022-05-25T14:26:14.998446Z  INFO run_lifecycler:run_service_and_step_through_lifecycle:step_through_lifecycle:start_capabilities:start{name="DATA_CAPABILITY"}: lifecycler::capability_client: close time.busy=323µs time.idle=1.62s
2022-05-25T14:26:14.998483Z  INFO run_lifecycler:run_service_and_step_through_lifecycle:step_through_lifecycle:start_capabilities: lifecycler::lifecycle: close time.busy=1.19ms time.idle=1.62s
2022-05-25T14:26:14.998625Z  INFO run_lifecycler:run_service_and_step_through_lifecycle:step_through_lifecycle:connect_executor:connect:connect: grpc_utils::endpoint::connect: Connecting to gRPC service endpoint=Uds("/mnt/azureml/cr/j/133a4e7a74eb40eea48a234f590c920e/.grpc/executor:0") retry=FixedIntervalRetry { attempt_timeout_millis: 50, retry_delay_millis: 10, max_duration: 86400s }
2022-05-25T14:26:23.388336Z  WARN grpc_utils::span: failed to inject span context to grpc request
2022-05-25T14:26:23.388400Z  WARN grpc_utils::span: failed to inject span context to grpc request
2022-05-25T14:26:23.389630Z  WARN grpc_utils::span: failed to inject span context to grpc request
2022-05-25T14:26:28.649833Z  INFO run_lifecycler:run_service_and_step_through_lifecycle:step_through_lifecycle:connect_executor:connect:connect: grpc_utils::endpoint::connect: Successfully connected to gRPC service endpoint=Uds("/mnt/azureml/cr/j/133a4e7a74eb40eea48a234f590c920e/.grpc/executor:0")
2022-05-25T14:26:28.649900Z  INFO run_lifecycler:run_service_and_step_through_lifecycle:step_through_lifecycle:connect_executor:connect:connect: grpc_utils::endpoint::connect: close time.busy=94.2ms time.idle=13.6s
2022-05-25T14:26:28.649922Z  INFO run_lifecycler:run_service_and_step_through_lifecycle:step_through_lifecycle:connect_executor:connect: lifecycler::executor_client: close time.busy=97.5ms time.idle=13.6s
2022-05-25T14:26:28.650025Z  INFO run_lifecycler:run_service_and_step_through_lifecycle:step_through_lifecycle:connect_executor:connect:connect: grpc_utils::endpoint::connect: Connecting to gRPC service endpoint=Uds("/mnt/azureml/cr/j/133a4e7a74eb40eea48a234f590c920e/.grpc/executor:0") retry=FixedIntervalRetry { attempt_timeout_millis: 50, retry_delay_millis: 10, max_duration: 86400s }
2022-05-25T14:26:28.650172Z  INFO run_lifecycler:run_service_and_step_through_lifecycle:step_through_lifecycle:connect_executor:connect:connect: grpc_utils::endpoint::connect: Successfully connected to gRPC service endpoint=Uds("/mnt/azureml/cr/j/133a4e7a74eb40eea48a234f590c920e/.grpc/executor:0")
2022-05-25T14:26:28.650197Z  INFO run_lifecycler:run_service_and_step_through_lifecycle:step_through_lifecycle:connect_executor:connect:connect: grpc_utils::endpoint::connect: close time.busy=112µs time.idle=61.5µs
2022-05-25T14:26:28.650211Z  INFO run_lifecycler:run_service_and_step_through_lifecycle:step_through_lifecycle:connect_executor:connect: lifecycler::executor_client: close time.busy=216µs time.idle=63.0µs
2022-05-25T14:26:28.650273Z  INFO run_lifecycler:run_service_and_step_through_lifecycle:step_through_lifecycle:connect_executor:connect: grpc_utils::endpoint::connect: Connecting to gRPC service endpoint=Uds("/mnt/azureml/cr/j/133a4e7a74eb40eea48a234f590c920e/.grpc/executor:0") retry=FixedIntervalRetry { attempt_timeout_millis: 50, retry_delay_millis: 10, max_duration: 86400s }
2022-05-25T14:26:28.650389Z  INFO run_lifecycler:run_service_and_step_through_lifecycle:step_through_lifecycle:connect_executor:connect: grpc_utils::endpoint::connect: Successfully connected to gRPC service endpoint=Uds("/mnt/azureml/cr/j/133a4e7a74eb40eea48a234f590c920e/.grpc/executor:0")
2022-05-25T14:26:28.650408Z  INFO run_lifecycler:run_service_and_step_through_lifecycle:step_through_lifecycle:connect_executor:connect: grpc_utils::endpoint::connect: close time.busy=131µs time.idle=7.50µs
2022-05-25T14:26:28.650424Z  INFO run_lifecycler:run_service_and_step_through_lifecycle:step_through_lifecycle:connect_executor:ensure_service_healthy: lifecycler::health_monitor: Ensuring health service_name=Executor
2022-05-25T14:26:28.650438Z  WARN run_lifecycler:run_service_and_step_through_lifecycle:step_through_lifecycle:connect_executor:ensure_service_healthy: grpc_utils::span: failed to inject span context to grpc request
2022-05-25T14:26:28.651181Z  INFO run_lifecycler:run_service_and_step_through_lifecycle:step_through_lifecycle:connect_executor:ensure_service_healthy: lifecycler::health_client: Health status for service: Executor service_name=Executor health_status=1
2022-05-25T14:26:28.651208Z  INFO run_lifecycler:run_service_and_step_through_lifecycle:step_through_lifecycle:connect_executor:ensure_service_healthy: lifecycler::health_monitor: Service is healthy service_name=Executor
2022-05-25T14:26:28.651223Z  INFO run_lifecycler:run_service_and_step_through_lifecycle:step_through_lifecycle:connect_executor:ensure_service_healthy: lifecycler::health_monitor: close time.busy=112µs time.idle=690µs
2022-05-25T14:26:28.651237Z  INFO run_lifecycler:run_service_and_step_through_lifecycle:step_through_lifecycle:connect_executor: lifecycler::lifecycle: close time.busy=102ms time.idle=13.6s
2022-05-25T14:26:28.651251Z  INFO run_lifecycler:run_service_and_step_through_lifecycle:step_through_lifecycle:connect_lifecyclers: lifecycler::lifecycle: close time.busy=1.00µs time.idle=3.40µs
2022-05-25T14:26:28.651270Z  INFO run_lifecycler:run_service_and_step_through_lifecycle:step_through_lifecycle:execute: lifecycler::lifecycle: entering phase rank=None phase=0
2022-05-25T14:26:28.651285Z  INFO run_lifecycler:run_service_and_step_through_lifecycle:step_through_lifecycle:execute:barrier_sync: lifecycler::lifecycle: close time.busy=400ns time.idle=1.70µs
2022-05-25T14:26:28.651289Z  INFO run_lifecycler:run_service_and_step_through_lifecycle:step_through_lifecycle:execute: lifecycler::lifecycle: starting phase execution rank=None phase=0
2022-05-25T14:26:28.651307Z  INFO run_lifecycler:run_service_and_step_through_lifecycle:step_through_lifecycle:execute: lifecycler::lifecycle: executing phase commands rank=None phase=0
2022-05-25T14:26:28.651326Z  INFO run_lifecycler:run_service_and_step_through_lifecycle:step_through_lifecycle:execute:executor_client::execute_commands{lifecycle_address="/mnt/azureml/cr/j/133a4e7a74eb40eea48a234f590c920e/.grpc/lifecycler:0"}: lifecycler::executor_client: Executing commands
2022-05-25T14:26:28.651362Z  WARN run_lifecycler:run_service_and_step_through_lifecycle:step_through_lifecycle:execute:executor_client::execute_commands{lifecycle_address="/mnt/azureml/cr/j/133a4e7a74eb40eea48a234f590c920e/.grpc/lifecycler:0"}:executor_client::start_execution{lifecycler_address="/mnt/azureml/cr/j/133a4e7a74eb40eea48a234f590c920e/.grpc/lifecycler:0" commands_f=Command(Command { executable: Shell { path: None, command: "python mlflow-autolog.py --training_data $AZURE_ML_INPUT_training_data --reg_rate 0.01" }, stderr: None, stdout: Some("user_logs/std_log.txt") }) path_mappings_f={}}: grpc_utils::span: failed to inject span context to grpc request
2022-05-25T14:26:28.651373Z  INFO run_lifecycler:run_service_and_step_through_lifecycle:step_through_lifecycle:execute:executor_client::execute_commands{lifecycle_address="/mnt/azureml/cr/j/133a4e7a74eb40eea48a234f590c920e/.grpc/lifecycler:0"}:executor_client::start_execution{lifecycler_address="/mnt/azureml/cr/j/133a4e7a74eb40eea48a234f590c920e/.grpc/lifecycler:0" commands_f=Command(Command { executable: Shell { path: None, command: "python mlflow-autolog.py --training_data $AZURE_ML_INPUT_training_data --reg_rate 0.01" }, stderr: None, stdout: Some("user_logs/std_log.txt") }) path_mappings_f={}}: lifecycler::executor_client: Starting execution execution_id=f4041e57-7665-4ee9-93f9-99f4b15612a5 lifecycler_address=/mnt/azureml/cr/j/133a4e7a74eb40eea48a234f590c920e/.grpc/lifecycler:0
2022-05-25T14:26:28.657851Z  INFO run_lifecycler:run_service_and_step_through_lifecycle:step_through_lifecycle:execute:executor_client::execute_commands{lifecycle_address="/mnt/azureml/cr/j/133a4e7a74eb40eea48a234f590c920e/.grpc/lifecycler:0"}:executor_client::start_execution{lifecycler_address="/mnt/azureml/cr/j/133a4e7a74eb40eea48a234f590c920e/.grpc/lifecycler:0" commands_f=Command(Command { executable: Shell { path: None, command: "python mlflow-autolog.py --training_data $AZURE_ML_INPUT_training_data --reg_rate 0.01" }, stderr: None, stdout: Some("user_logs/std_log.txt") }) path_mappings_f={}}: lifecycler::executor_client: close time.busy=80.6µs time.idle=6.43ms
2022-05-25T14:26:28.657879Z  INFO run_lifecycler:run_service_and_step_through_lifecycle:step_through_lifecycle:execute:executor_client::execute_commands{lifecycle_address="/mnt/azureml/cr/j/133a4e7a74eb40eea48a234f590c920e/.grpc/lifecycler:0"}: lifecycler::executor_client: Waiting for execution completion execution_id="f4041e57-7665-4ee9-93f9-99f4b15612a5"
2022-05-25T14:26:33.394645Z  WARN grpc_utils::span: failed to inject span context to grpc request
2022-05-25T14:26:33.394692Z  WARN grpc_utils::span: failed to inject span context to grpc request
2022-05-25T14:26:33.394714Z  WARN grpc_utils::span: failed to inject span context to grpc request
2022-05-25T14:26:33.394724Z  WARN grpc_utils::span: failed to inject span context to grpc request
2022-05-25T14:26:39.741297Z  INFO ExecutionCallbackServicer::complete_execution: grpc_utils::server: Got grpc request name="complete_execution" remote_addr=None
2022-05-25T14:26:39.741355Z  INFO ExecutionCallbackServicer::complete_execution: lifecycler::service: close time.busy=67.0µs time.idle=10.3µs
2022-05-25T14:26:39.741401Z  INFO run_lifecycler:run_service_and_step_through_lifecycle:step_through_lifecycle:execute:executor_client::execute_commands{lifecycle_address="/mnt/azureml/cr/j/133a4e7a74eb40eea48a234f590c920e/.grpc/lifecycler:0"}:executor_client::wait_for_execution_completion{execution_id="f4041e57-7665-4ee9-93f9-99f4b15612a5"}: lifecycler::executor_client: close time.busy=4.90µs time.idle=11.1s
2022-05-25T14:26:39.743656Z  INFO run_lifecycler:run_service_and_step_through_lifecycle:step_through_lifecycle:execute:executor_client::execute_commands{lifecycle_address="/mnt/azureml/cr/j/133a4e7a74eb40eea48a234f590c920e/.grpc/lifecycler:0"}: lifecycler::executor_client: Execution completed execution_id="f4041e57-7665-4ee9-93f9-99f4b15612a5"
2022-05-25T14:26:39.743708Z  INFO run_lifecycler:run_service_and_step_through_lifecycle:step_through_lifecycle:execute:executor_client::execute_commands{lifecycle_address="/mnt/azureml/cr/j/133a4e7a74eb40eea48a234f590c920e/.grpc/lifecycler:0"}: lifecycler::executor_client: close time.busy=2.47ms time.idle=11.1s
2022-05-25T14:26:39.743732Z  INFO run_lifecycler:run_service_and_step_through_lifecycle:step_through_lifecycle:execute: lifecycler::lifecycle: phase execution completed. rank=None phase=0
2022-05-25T14:26:39.743763Z  INFO run_lifecycler:run_service_and_step_through_lifecycle:step_through_lifecycle:execute: lifecycler::lifecycle: close time.busy=2.60ms time.idle=11.1s
2022-05-25T14:26:39.743800Z  WARN run_lifecycler:run_service_and_step_through_lifecycle:step_through_lifecycle:end_capabilities:end{name="DATA_CAPABILITY"}: grpc_utils::span: failed to inject span context to grpc request
2022-05-25T14:26:39.743831Z  WARN run_lifecycler:run_service_and_step_through_lifecycle:step_through_lifecycle:end_capabilities:end{name="CS_CAPABILITY"}: grpc_utils::span: failed to inject span context to grpc request
2022-05-25T14:26:39.743858Z  WARN run_lifecycler:run_service_and_step_through_lifecycle:step_through_lifecycle:end_capabilities:end{name="HOSTTOOLS_CAPABILITY"}: grpc_utils::span: failed to inject span context to grpc request
2022-05-25T14:26:39.756802Z  INFO run_lifecycler:run_service_and_step_through_lifecycle:step_through_lifecycle:end_capabilities:end{name="DATA_CAPABILITY"}: lifecycler::capability_client: Received success code for end cap_name=DATA_CAPABILITY
2022-05-25T14:26:39.756849Z  INFO run_lifecycler:run_service_and_step_through_lifecycle:step_through_lifecycle:end_capabilities:end{name="DATA_CAPABILITY"}: lifecycler::capability_client: close time.busy=137µs time.idle=12.9ms
